
Before deleting alignment gaps
      5   1386

Toxocara-canis                  --- --- --- --- --- --- --- --- --- --- --- --- --- --- --- --- --- --- --- --- --- --- --- --- --- --- --- --- --- --- --- --- --- --- --- --- --- --- --- --- --- --- --- --- --- --- --- --- --- --- --- --- ATG TCA TTA TCA TCA CCG CTA TCC AAT GTC CGA ATA TTG GAT TTC TCG CGG ATT CTA TCC GCT CCG TTT GCC TCG ATG ATT CTT GGC GAT CTT GGT GCT GAA ATT TGG AAG ATC GAA AAG CCA GGG ATT GGC GAT GAA GTT CGC AAT TGG GCA CCA CCA TGG ACG GCA AGT GGT CAA AGT TGT TAT TTT GTT TCA TTG AAT CGA AAC AAA AAA AGT ATC GCT CTG AAT TTG AAA CAT ACG GAA GGA CAA CGA TTG GCT CGA GAG CTC GCT TCA AAA TGT GAT GTG CTT ATC GAG AAT TTT AGG CCA GGA AGT ATG AAA AAA TTT GGC CTC GAT TAT GAG GCA CTA GCA ACA GAG AAT AAA AAA CTA ATT TAT TGT TCA GTT ACA GGT TAT GGA CCG GAT GGA CCG TTT GCA TCG CAT GCT GGA TAC GAC TTA ATA GCG CAA GCG GTT GGC GGA TTT ATG AAT ATT ACA GGA CCA AAT GAT GGA CCA CCA TGC AAA ACT GGA ACA GGT GTT ATT GAT ATG CTT GCA GGT CTT TAT GCA CAC GGT GCT ATA TTG GCT GCA TTA CTT CAG AGG ACG ATG TCA GGG AAA GGG CAA AAA ATC GAT TGC AAT TTG CTT TCA ACG CAG ATA GTC GCA TTG TTG AAT ATA GGA AGC AAT TAT TTG AAT GCG GGC GTC GAA GGG CGT CGT CTT GGG ACC GAA CAT GAG AGC ATC GTC CCA TAT CAA GCG TTC AAA ACT AAA GAT GGT CGC TAC TTT GTT GTT GGT GCC GCT AGT GAC GAG CAA TTC AAA AAG CTA TGT AAA TTG ATC GGG CTA TCA AAA TTG CCT CGT CAA GAA GAA TAT GCA ACG AAT GCA AAT CGT GTC AAG AAC CGT GAA GCA CTC ATT GAA ACC ATT AAG CAG AGA TTT CTT AAA AAG GAC TTG AAG TAT TGG CAA AAG ACA TTG AAC GAT CCA TCT TTG CCA TGC GGT CCG GTG AAT ACA ATT GCT GAA GCT TTT GCA CAT CCG CAG GTA CGT CAT CTT GGT CTT GTG CAA GAG CTG TAT CAT CCT GAA ACG GGT GCA ATC AAA GTT GCA GGT CCA GCT GTG CAC TAT AGC GAA ACA GTG AAT CGT ATC CGA AGT CCA CCA CCA ATA CTT GGT GAG CAT ACG AAA GAG GTG TTA AGC AAC GTA TTG AAC GTC TCC GAA GAG GAG CTG AAG AGG TTA AAG GAG GAG AAA GCG ATC GAT TAC GTC GAG AAG AAA ACA AAC --- --- 
GPRW9                           --- --- --- --- --- --- --- --- --- --- --- --- --- --- --- --- --- --- --- --- --- --- --- --- --- --- --- --- --- --- --- --- --- --- --- --- --- --- --- --- --- --- --- --- --- --- --- --- --- --- --- --- ATG TCA TTG TCG TCT CCG CTA TCA AAC GTT CGA ATA TTG GAT TTC TCA CGG ATT CTA TCC GCA CCG TTT GCA TCA ATG ATC CTT GGT GAC CTC GGT GCC GAA ATA TGG AAG ATC GAA AAA CCA GGT CGC GGT GAC GAA GTA CGC AGT TGG GCG CCT TCA TGG ACG GCA AGC GGT CAG AGT TGT TAT TAT GTT GCA TTG AAT CGA AAT AAG AAA AGT ATC GCG TTG AAC TTA AAG CAT CCA AAA GGA CAA CAA TTG GCT CGG CAA CTC GCT TTA AAA TGT GAT GTC CTT ATC GAA AAT TTT CGA CTA GAT AAT ATG AAA AAA TTT GGC CTC GAC TAT GAA ACT TTA TCG TTG GAA AAT AAA AAA TTA ATT TAT TGT TCT ATT ACA GGT TAT GGA CCT AAT GGA CCA TAT GCG ACA CAT GCT GCA TAC GAT ATA AAC GCA CAA GCA ATT GGT GGC TTT ATG GAT GTT ACC GGC CCG ATA GAT GGC CAA CCA TGT ATA GCT GGA TCC GAT GTT ATT GCT ATG ATT ACG GGT CTT TAT GCG CAT GGT GCT ATA TTA GCT GCA TTA CTT CAA AGA ACA ACA ACT GGT AAA GGA CAA AAA ATT GAT TGC AAT TTA CTT TCT ACA CAG ATA GCC GCT TTA ATG AAT ATA GGA AGT AAT TAT TTG AAT GCC GGT GTT GAG GGT CAT CGT TGG GGT ACC GGC CAT GAA AGT GTT GCA CCA TAT CAA GCA TTC AAA ACG AAA GAT GGA CGA TAT TTT ACG GTT GGA GCT GCT AAT GAT GAG CAA TTC AAA AAA TTA TGT AAA TTA ATT GGA CTT CCA AAA TTG CCA AAT AAA GAA GAA TAT GCA ACG AAT GCG AAT CGA GTT AAA AAT CGA GAT TCT CTT ATT GAA GCT ATC AGC AAA AGA TTT TTG AAA CGA GAC CTA AAA TAT TGG GAG AAT ATT TTC AAA GAT CCA TCA TTA CCG TGT GGA CCA GTG AAT ACG GTC GCA GAA ACA TTC GCA CAT CCT CAG GTA AAG CAT CTT GGT ATC GTT CAA GAA CTT TAT CAT CCG CAA ACC GGT GCG ATA AAG GTT ACA GGT CCA GCA GTA CAA TAT AGT GAA GCG GCG AAT CGT ATA CGA AGT CCA CCA CCA ATG CTT GGT GAA CAT ACA AAA GAA GTG CTA AGT AAT GTG TTG AAT ATC TCT GAA GAG GAA TTA AAA CAT TTA AAA GAA GAT AAA GTA ATT GAT TTT GCG GAG AAG AAA GAA AAT AAT ATA 
RPRW2                           ATG TCC ACA CCG ACG GGT GAT ACG AAC GCA CAA AGC ATT TTT ACG GCG GCA CCA AGC AGT TCG AAC ACT TAT GAC GGT TTC AGT AAT GAC GAT GAG GAT GAA CAT CAT CAC ACT TTA TTT TTT AAC GAA ACA TCA AGG AGG GAC CAT AAC TGG AAG ATG TCA TTG TCG TCC CCG CTA TCA AAC GTT CGA ATA TTG GAT TTC TCA CGG ATT CTA TCC GCA CCG TTT GCA TCA ATG ATC CTT GGT GAC CTC GGT GCC GAA ATA TGG AAG ATC GAA AAA CCA GGT CGC GGT GAC GAA GTA CGC AGT TGG GCG CCT TCA TGG ACG GCA AGC GGT CAG AGT TGT TAT TAT GTT GCA TTG AAT CGA AAT AAG AAA AGT ATC GCG TTG AAC TTA AAG CAT CCA AAA GGA CAA CAA TTG GCT CGG CAA CTC GCT TTA AAA TGT GAT GTC CTT ATT GAA AAT TTT CGA CTA GAT AAT ATG AAA AAA TTT GGC CTC GAC TAT GAA ACA TTA TCG TTG GAA AAT AAA AAA TTG ATT TAT TGT TCT ATT ACA GGT TAT GGA CCT GAT GGA CCA TAC GCG ACA CAT GCT GCA TAC GAT ATA AAC GCA CAA GCA ATT GGT GGC TTT ATG GAT GTT ACC GGC CCG ATG GAT GGC CAA CCA TGT ATA GCT GGA TCC GAT GTT ATT GCT ATG ATT ACG GGT CTT TAT GCG CAT GGT GCT ATA TTA GCT GCA TTA CTT CAA AGA ACA ACA ACT GGT AAA GGA CAA AAA ATT GAT TGC AAT TTA CTT TCT ACA CAG ATA GCC GCT TTA ATG AAT ATA GGA AGT AAT TAT TTG AAC GCC GGT GTT GAG GGT CAT CGT TGG GCT ACC GGC CAT GAA AGT GTT GCA CCA TAT CAA GCA TTC AAA ACG AAA GAT GGA CGA TAT TTT ACA GTT GGA GCT GCT AAT GAT GAG CAA TTC AAA AAA TTA TGT AAA TTA ATT GGA CTC CCA AAA TTG CCA AAT AAA GAA GAA TAT GCA ACG AAT GCG AAT CGA GTT AAA AAT CGA GAT TCT CTT ATT GAA GCT ATC AGC AAA AGA TTT TTG AAA CGA GAC CTA AAA TAT TGG GAG AAT ATT TTC AAA GAT CCA TCA TTA CCG TGT GGG CCA GTG AAT ACG GTC GCA GAA GCA TTC GCA CAT CCT CAG GTA AAG CAT CTT GGT ATC GTT CAA GAG CTT TAT CAC CCG CAA ACC GGT GCG ATA AAG GTT ACA GGT CCA GCA GTA CAA TAT AGT GAA GCG GCG AAT CGT ATA CGA AGT CCA CCA CCA ATG CTT GGT GAA CAT ACA AAA GAA GTG CTA AGT AAT GTG TTG AAT ATC TCT GAA GAG GAA TTA AAA CAT TTA AAA GAA GAT AAA GTA ATT GAT TTT GCA GAG AAG AAA GAA AAT AAC ATA 
Ascaris-suum                    --- --- --- --- --- --- --- --- --- --- --- --- --- --- --- --- --- --- --- --- --- --- --- --- --- --- --- --- --- --- --- --- --- --- --- --- --- --- --- --- --- --- --- --- --- --- --- --- --- --- --- --- ATG TCA TTG TCG TCT CCG CTA TCA AAC GTT CGA ATA TTG GAT TTC TCA CGG ATT GTA TCC GCA CCG TTT GCA TCA ATG ATC CTT GGT GAC CTC GGT GCC GAA ATA TGG AAA ATT GAA AGA CCA GGT --- --- --- --- --- --- --- --- --- --- --- --- --- --- --- --- --- --- --- --- --- --- --- --- --- --- --- --- --- --- --- --- --- --- --- --- --- --- --- --- --- --- --- --- --- --- --- --- --- --- --- --- --- --- --- --- --- --- --- --- --- --- --- --- --- --- --- --- --- --- --- --- --- --- --- --- --- --- --- --- --- --- --- --- --- --- --- TAT GGA CCC GAT GGA CCG TAT GCT ACA CGT GCT GCA TAT GAT ATA AAT GTA GAA GCA ATT GGT GGC TTT ATG GAT GTT ACC GGT CCG AAC GAT GGT CAA CCA TGT ATG GCT GGA TCT GAT GTT ATT GCT ATG ATT ACA GGT CTT TAT GCG CAT GGT GCT ATA TTA GCA GCA TTA CTT CAA AGG ACA ACA ACT GGA AAA GGG CAA AAA ATC GAT TGT AAT TTA CTT TCT ACA CAG ATA GCC GCT TTA ATG AAC GTA GGA AGT AAT TAT TTG AAT GCC GGT GTT GAG GGT CGT CGA TGG GGT ACT CAA CAT GAA AGT GTT GTA CCA TAT CAA GCA TTC AAA ACG AAG GAT GGA CGG TAT TTT ACC GTT GGA GCC GCT AAT GAT GAG CAG TTC AAA AAG TTG TGT AAA TTA ATC GGA CTT CCA AAA TTG CCG AAT AAA GAA GAA TAT GCA ACG AAT GCG AAT CGA GTT AAA AAT CGA GAA TCT CTA ATT GAA GCT ATT AGC AAA AGG TTT TTG AAA CGA GAC TTG AAA TAT TGG GAG AGT ACC TTC AAC GAT CCA TCA TTA CCA TGT GGA CCG GTT AAC ACA GTT GCA GAA GCA TTC GCA CAT CCT CAG GTG AGG CAC CTC GGT ATC GTT CAA GAG CTT TAT CAT CCA CAA ACC GGT GCG ATA AAG GTT ACA GGT CCA GCA GTG CAA TAT AGT GAA GCG GCG AAT CGT ATT CGA AGT CCA CCA CCA ATG CTT GGT GAA CAT ACA AAA GAA GTG CTA AGC AAT GTG TTG AAT ATC TCT GAA GAG GAA TTA AAA CAC TTA AAA GAA AAT AAA GCA ATC GAT TTC GCG GAG AAG AAA GAA AAT AAT ATT 
ATRW2                           --- --- --- --- --- --- --- --- --- --- --- --- --- --- --- --- --- --- --- --- --- --- --- --- --- --- --- --- --- --- --- --- --- --- --- --- --- --- --- --- --- --- --- --- --- --- --- --- --- --- --- --- ATG TCA TTG TCA TCT CCG CTA TCA AAT ATT CGA ATT TTG GAT TTC TCA CGG ATT CTA TCC GCA CCG TTT GCA TCG ATG ATT CTT GGT GAT CTT GGT GCC GAA ATA TGG AAA ATC GAG AAA CCA GGT CGT GGT GAT GAA GTA CGT AAT TGG GCA CCT TCA TGG ACA GCG AGT GGT CAA AGT TGC TAT TAT GTT TTA TTG AAT CGA AAT AAG AAG AGT ATC GCG CTA AAT TTG AAA CAT CCA CAA GGA CAA CGT TTG GCT CGA CAA CTC GCT TTA AAA TGT GAT ATA ATT ATC GAA AAT TTT CGA CCA AAT ACT ATG AAA AAA TTT GGC CTC GAT TAT GAG ACT TTA TCG ATA GAG AAT AAA AAA TTA ATT TAT TGC TCA CTT ACA GGT TAT GGA CCT GAT GGA CCA TAT GCA TCA CAT GCA GCT TAT GAT ATA ACT ACA CAA GCA ATA GGT GGT CTG ATT GAT GTT ACT GGT CAG AAG GAT GGA CAA CCG TGT ATG GCT GGA TCG GAT GTT ATT GCA ATG ATC ACA GGT CTT TAT GCA CAT GGT GCT ATA TTG GCA GCA TTA CTT CAA CGG ATA ACA ACT GGT AAA GGA CAG AAA ATC GAT TGT AAT TTA CTT TCC TCA CAG ATA ACC GCA TTG ATG AAT ATA GGA AGT AGT TAT TTG AAT GCG GGC GTT GAA GGT GAT CGT CGA GGT ACC CAA CAT GAA AGT GTC GCA CCA TAT GAG ATT TTT CAA ACG AAA GAT GGC CGA TAT TTT GCG GTT GGC GCT GCA AAT GAT GAA CAA TTC AAA AAG TTG TGT AAA TTA ATT GGA CTT CCA AAA CTG CCA AAT AAA GAA GAG TAT GCA ACG AAT GCG AAT CGA GTC AAA AAT CGT GAA TCT CTA ACT GCA GCT ATC AGT AAA AGG TTT TTA AAA AAA GAT CTC AAA TAT TGG AAG AGT ACT CTC AAT GAT CCA TTA TTA CCA TGC GGA CCA GTG AAT ACG ATT GCA GAA GCA TTC GCA CAT CCA CAG GTG AAG CAT CTT GGC ATC GTT CAA GAG CTC TAT CAT CCA CAA ACA GGT GCA ATA AAA GTT GCA GGT CCA GCA GTA CAA TAT AGT GAA GCA GCG AAT CGT ATT CGA AGT CCT CCA CCG ATG CTT GGT GAA CAT ACA AAA GAG GTG CTA AGC AAT GTG TTG AAT ATC TCT GAA GAG GAG TTG AAA CAT TTG AAA GAG GAT AAA GCG ATC GAC TAT CAA GAG AGG AAA GAA AAC AAC ATC 



After deleting gaps. 963 sites
      5    963

Toxocara-canis                  ATG TCA TTA TCA TCA CCG CTA TCC AAT GTC CGA ATA TTG GAT TTC TCG CGG ATT CTA TCC GCT CCG TTT GCC TCG ATG ATT CTT GGC GAT CTT GGT GCT GAA ATT TGG AAG ATC GAA AAG CCA GGG TAT GGA CCG GAT GGA CCG TTT GCA TCG CAT GCT GGA TAC GAC TTA ATA GCG CAA GCG GTT GGC GGA TTT ATG AAT ATT ACA GGA CCA AAT GAT GGA CCA CCA TGC AAA ACT GGA ACA GGT GTT ATT GAT ATG CTT GCA GGT CTT TAT GCA CAC GGT GCT ATA TTG GCT GCA TTA CTT CAG AGG ACG ATG TCA GGG AAA GGG CAA AAA ATC GAT TGC AAT TTG CTT TCA ACG CAG ATA GTC GCA TTG TTG AAT ATA GGA AGC AAT TAT TTG AAT GCG GGC GTC GAA GGG CGT CGT CTT GGG ACC GAA CAT GAG AGC ATC GTC CCA TAT CAA GCG TTC AAA ACT AAA GAT GGT CGC TAC TTT GTT GTT GGT GCC GCT AGT GAC GAG CAA TTC AAA AAG CTA TGT AAA TTG ATC GGG CTA TCA AAA TTG CCT CGT CAA GAA GAA TAT GCA ACG AAT GCA AAT CGT GTC AAG AAC CGT GAA GCA CTC ATT GAA ACC ATT AAG CAG AGA TTT CTT AAA AAG GAC TTG AAG TAT TGG CAA AAG ACA TTG AAC GAT CCA TCT TTG CCA TGC GGT CCG GTG AAT ACA ATT GCT GAA GCT TTT GCA CAT CCG CAG GTA CGT CAT CTT GGT CTT GTG CAA GAG CTG TAT CAT CCT GAA ACG GGT GCA ATC AAA GTT GCA GGT CCA GCT GTG CAC TAT AGC GAA ACA GTG AAT CGT ATC CGA AGT CCA CCA CCA ATA CTT GGT GAG CAT ACG AAA GAG GTG TTA AGC AAC GTA TTG AAC GTC TCC GAA GAG GAG CTG AAG AGG TTA AAG GAG GAG AAA GCG ATC GAT TAC GTC GAG AAG AAA ACA AAC 
GPRW9                           ATG TCA TTG TCG TCT CCG CTA TCA AAC GTT CGA ATA TTG GAT TTC TCA CGG ATT CTA TCC GCA CCG TTT GCA TCA ATG ATC CTT GGT GAC CTC GGT GCC GAA ATA TGG AAG ATC GAA AAA CCA GGT TAT GGA CCT AAT GGA CCA TAT GCG ACA CAT GCT GCA TAC GAT ATA AAC GCA CAA GCA ATT GGT GGC TTT ATG GAT GTT ACC GGC CCG ATA GAT GGC CAA CCA TGT ATA GCT GGA TCC GAT GTT ATT GCT ATG ATT ACG GGT CTT TAT GCG CAT GGT GCT ATA TTA GCT GCA TTA CTT CAA AGA ACA ACA ACT GGT AAA GGA CAA AAA ATT GAT TGC AAT TTA CTT TCT ACA CAG ATA GCC GCT TTA ATG AAT ATA GGA AGT AAT TAT TTG AAT GCC GGT GTT GAG GGT CAT CGT TGG GGT ACC GGC CAT GAA AGT GTT GCA CCA TAT CAA GCA TTC AAA ACG AAA GAT GGA CGA TAT TTT ACG GTT GGA GCT GCT AAT GAT GAG CAA TTC AAA AAA TTA TGT AAA TTA ATT GGA CTT CCA AAA TTG CCA AAT AAA GAA GAA TAT GCA ACG AAT GCG AAT CGA GTT AAA AAT CGA GAT TCT CTT ATT GAA GCT ATC AGC AAA AGA TTT TTG AAA CGA GAC CTA AAA TAT TGG GAG AAT ATT TTC AAA GAT CCA TCA TTA CCG TGT GGA CCA GTG AAT ACG GTC GCA GAA ACA TTC GCA CAT CCT CAG GTA AAG CAT CTT GGT ATC GTT CAA GAA CTT TAT CAT CCG CAA ACC GGT GCG ATA AAG GTT ACA GGT CCA GCA GTA CAA TAT AGT GAA GCG GCG AAT CGT ATA CGA AGT CCA CCA CCA ATG CTT GGT GAA CAT ACA AAA GAA GTG CTA AGT AAT GTG TTG AAT ATC TCT GAA GAG GAA TTA AAA CAT TTA AAA GAA GAT AAA GTA ATT GAT TTT GCG GAG AAG AAA GAA AAT 
RPRW2                           ATG TCA TTG TCG TCC CCG CTA TCA AAC GTT CGA ATA TTG GAT TTC TCA CGG ATT CTA TCC GCA CCG TTT GCA TCA ATG ATC CTT GGT GAC CTC GGT GCC GAA ATA TGG AAG ATC GAA AAA CCA GGT TAT GGA CCT GAT GGA CCA TAC GCG ACA CAT GCT GCA TAC GAT ATA AAC GCA CAA GCA ATT GGT GGC TTT ATG GAT GTT ACC GGC CCG ATG GAT GGC CAA CCA TGT ATA GCT GGA TCC GAT GTT ATT GCT ATG ATT ACG GGT CTT TAT GCG CAT GGT GCT ATA TTA GCT GCA TTA CTT CAA AGA ACA ACA ACT GGT AAA GGA CAA AAA ATT GAT TGC AAT TTA CTT TCT ACA CAG ATA GCC GCT TTA ATG AAT ATA GGA AGT AAT TAT TTG AAC GCC GGT GTT GAG GGT CAT CGT TGG GCT ACC GGC CAT GAA AGT GTT GCA CCA TAT CAA GCA TTC AAA ACG AAA GAT GGA CGA TAT TTT ACA GTT GGA GCT GCT AAT GAT GAG CAA TTC AAA AAA TTA TGT AAA TTA ATT GGA CTC CCA AAA TTG CCA AAT AAA GAA GAA TAT GCA ACG AAT GCG AAT CGA GTT AAA AAT CGA GAT TCT CTT ATT GAA GCT ATC AGC AAA AGA TTT TTG AAA CGA GAC CTA AAA TAT TGG GAG AAT ATT TTC AAA GAT CCA TCA TTA CCG TGT GGG CCA GTG AAT ACG GTC GCA GAA GCA TTC GCA CAT CCT CAG GTA AAG CAT CTT GGT ATC GTT CAA GAG CTT TAT CAC CCG CAA ACC GGT GCG ATA AAG GTT ACA GGT CCA GCA GTA CAA TAT AGT GAA GCG GCG AAT CGT ATA CGA AGT CCA CCA CCA ATG CTT GGT GAA CAT ACA AAA GAA GTG CTA AGT AAT GTG TTG AAT ATC TCT GAA GAG GAA TTA AAA CAT TTA AAA GAA GAT AAA GTA ATT GAT TTT GCA GAG AAG AAA GAA AAT 
Ascaris-suum                    ATG TCA TTG TCG TCT CCG CTA TCA AAC GTT CGA ATA TTG GAT TTC TCA CGG ATT GTA TCC GCA CCG TTT GCA TCA ATG ATC CTT GGT GAC CTC GGT GCC GAA ATA TGG AAA ATT GAA AGA CCA GGT TAT GGA CCC GAT GGA CCG TAT GCT ACA CGT GCT GCA TAT GAT ATA AAT GTA GAA GCA ATT GGT GGC TTT ATG GAT GTT ACC GGT CCG AAC GAT GGT CAA CCA TGT ATG GCT GGA TCT GAT GTT ATT GCT ATG ATT ACA GGT CTT TAT GCG CAT GGT GCT ATA TTA GCA GCA TTA CTT CAA AGG ACA ACA ACT GGA AAA GGG CAA AAA ATC GAT TGT AAT TTA CTT TCT ACA CAG ATA GCC GCT TTA ATG AAC GTA GGA AGT AAT TAT TTG AAT GCC GGT GTT GAG GGT CGT CGA TGG GGT ACT CAA CAT GAA AGT GTT GTA CCA TAT CAA GCA TTC AAA ACG AAG GAT GGA CGG TAT TTT ACC GTT GGA GCC GCT AAT GAT GAG CAG TTC AAA AAG TTG TGT AAA TTA ATC GGA CTT CCA AAA TTG CCG AAT AAA GAA GAA TAT GCA ACG AAT GCG AAT CGA GTT AAA AAT CGA GAA TCT CTA ATT GAA GCT ATT AGC AAA AGG TTT TTG AAA CGA GAC TTG AAA TAT TGG GAG AGT ACC TTC AAC GAT CCA TCA TTA CCA TGT GGA CCG GTT AAC ACA GTT GCA GAA GCA TTC GCA CAT CCT CAG GTG AGG CAC CTC GGT ATC GTT CAA GAG CTT TAT CAT CCA CAA ACC GGT GCG ATA AAG GTT ACA GGT CCA GCA GTG CAA TAT AGT GAA GCG GCG AAT CGT ATT CGA AGT CCA CCA CCA ATG CTT GGT GAA CAT ACA AAA GAA GTG CTA AGC AAT GTG TTG AAT ATC TCT GAA GAG GAA TTA AAA CAC TTA AAA GAA AAT AAA GCA ATC GAT TTC GCG GAG AAG AAA GAA AAT 
ATRW2                           ATG TCA TTG TCA TCT CCG CTA TCA AAT ATT CGA ATT TTG GAT TTC TCA CGG ATT CTA TCC GCA CCG TTT GCA TCG ATG ATT CTT GGT GAT CTT GGT GCC GAA ATA TGG AAA ATC GAG AAA CCA GGT TAT GGA CCT GAT GGA CCA TAT GCA TCA CAT GCA GCT TAT GAT ATA ACT ACA CAA GCA ATA GGT GGT CTG ATT GAT GTT ACT GGT CAG AAG GAT GGA CAA CCG TGT ATG GCT GGA TCG GAT GTT ATT GCA ATG ATC ACA GGT CTT TAT GCA CAT GGT GCT ATA TTG GCA GCA TTA CTT CAA CGG ATA ACA ACT GGT AAA GGA CAG AAA ATC GAT TGT AAT TTA CTT TCC TCA CAG ATA ACC GCA TTG ATG AAT ATA GGA AGT AGT TAT TTG AAT GCG GGC GTT GAA GGT GAT CGT CGA GGT ACC CAA CAT GAA AGT GTC GCA CCA TAT GAG ATT TTT CAA ACG AAA GAT GGC CGA TAT TTT GCG GTT GGC GCT GCA AAT GAT GAA CAA TTC AAA AAG TTG TGT AAA TTA ATT GGA CTT CCA AAA CTG CCA AAT AAA GAA GAG TAT GCA ACG AAT GCG AAT CGA GTC AAA AAT CGT GAA TCT CTA ACT GCA GCT ATC AGT AAA AGG TTT TTA AAA AAA GAT CTC AAA TAT TGG AAG AGT ACT CTC AAT GAT CCA TTA TTA CCA TGC GGA CCA GTG AAT ACG ATT GCA GAA GCA TTC GCA CAT CCA CAG GTG AAG CAT CTT GGC ATC GTT CAA GAG CTC TAT CAT CCA CAA ACA GGT GCA ATA AAA GTT GCA GGT CCA GCA GTA CAA TAT AGT GAA GCA GCG AAT CGT ATT CGA AGT CCT CCA CCG ATG CTT GGT GAA CAT ACA AAA GAG GTG CTA AGC AAT GTG TTG AAT ATC TCT GAA GAG GAG TTG AAA CAT TTG AAA GAG GAT AAA GCG ATC GAC TAT CAA GAG AGG AAA GAA AAC 



Printing out site pattern counts


         5        699  P

Toxocara-canis                  AAA AAA AAA AAA AAA AAC AAC AAC AAG AAG AAG AAG AAG AAG AAG AAG AAT AAT AAT AAT AAT AAT AAT ACA ACA ACA ACA ACA ACA ACC ACC ACG ACG ACG ACG ACG ACT ACT AGA AGC AGC AGG AGG AGT AGT ATA ATA ATA ATA ATA ATC ATC ATC ATC ATC ATC ATG ATG ATG ATT ATT ATT ATT ATT ATT ATT CAA CAA CAA CAA CAA CAA CAA CAC CAC CAG CAG CAG CAT CAT CAT CAT CCA CCA CCA CCA CCA CCA CCG CCG CCG CCG CCT CCT CGA CGC CGG CGT CGT CGT CGT CGT CGT CGT CTA CTA CTA CTA CTC CTG CTG CTT CTT CTT CTT CTT CTT CTT GAA GAA GAA GAA GAA GAA GAA GAC GAC GAG GAG GAG GAG GAG GAG GAT GAT GAT GAT GAT GCA GCA GCA GCA GCA GCA GCA GCA GCC GCC GCG GCG GCG GCG GCG GCT GCT GCT GCT GCT GCT GGA GGA GGA GGA GGA GGC GGC GGG GGG GGG GGG GGG GGT GGT GGT GGT GGT GTA GTA GTC GTC GTC GTC GTC GTC GTC GTG GTG GTG GTG GTG GTT GTT GTT TAC TAC TAC TAT TCA TCA TCA TCA TCA TCA TCC TCC TCC TCG TCG TCG TCT TGC TGC TGC TGG TGT TTA TTA TTA TTA TTA TTC TTC TTG TTG TTG TTG TTG TTG TTG TTT TTT TTT TTT 
GPRW9                           ... ... ... ..G .T. ..A ..T ..T ..A ..A ..A ... ... ..T .GC CGA ..C ... ... ... ... .TA G.. ..C ..G .TT GA. G.G T.C ... G.T ..A ..A ..A ..C ... ..G G.. ... ..T ..T ..A CAT .A. ... .AC ... ... ... ..G ..A ..A ... ..T ..T G.T .CA ... ... ..A ..C ..C ... ... G.C G.. A.. ... ... ... ... ... G.G ..A ..T A.A ..A ... ... ... ... ... .A. ... ... ... ..G ..G ..A ... ..T ..T ..A ..G ... ..A ... AAG AA. .A. ..A ..A ... ... ... ... ..T T.. ..T ..T T.A A.C A.. ..C ... ... TGG T.G C.. ... ... ... ..G ..T .GC ... ..T ..A ..A ..A ... ... ..T A.. ..C ... ... .C. A.. A.G ... ..G ..G ..G ..T T.T ..A ..T ..A ..A ..A ..C .TA A.A ..A ..C ... ... ... .C. ... ..C ..C ..C ..T ..T ..A ..A ..T ..T ..T .A. ..A ..A ... ... ... ..G A.. .CA .C. .CG ..T ..T ..T .C. ..A ... ... ..T ACG A.. ... ... ..T .TT ... A.T C.. ... ..G ..T ..T ..A ... ..T A.A ..A ..A ..A ... ..T ..T ... ... A.. C.. ... ... ..G ... ... A.. C.A ..A ..A ..C ... ... .A. ..C ... ... 
RPRW2                           ... ... ... ..G .T. ..A ..T ..T ..A ..A ..A ... ... ..T .GC CGA ..C ..C ... ... ... .TG G.. ..C ..G .TT GA. G.G T.C ... G.T ..A ..A ..A ..C ... ..G G.. ... ..T ..T ..A CAT .A. ... .AC ... ... ... ..G ..A ..A ... ..T ..T G.T .CA ... ... ..A ..C ..C ... ... G.C G.. A.. ... ... ... ... ... G.G ..A ..T A.A ..A ... ..C ... ... ... .A. ... ... ... ..G ..G ..A ... ..T ..T ..A ..G ... ..A ... AAG AA. .A. ..A ..A ... ... ... ... ..C T.. ..T ..T T.A A.C A.. ..C ... ... TGG T.G C.. ... ... ... ..G ..T .GC ... ..T ..A ..A ... ... ... ..T ... ..C ... ... .C. A.. A.G ... ..G ..G ..G ..T T.T ..A ..T ..A ..A ..A ..C .TA ..A ..A ..C ... ... ... .C. ... ..C ..C ..C ..T ..T ..A ..A .CT ..T ..T .A. ..A ..G ... ... ... ..G A.. .CA .C. .CA ..T ..T ..T .C. ..A ... ... ..T ACA A.. ... ... ..T .TT ... A.T C.. ... ..G ..C ..T ..A ... ..T A.A ..A ..A ..A ... ..T ..T ... ... A.. C.. ... ... ..G ... ... A.. C.A ..A ..A ..C ... ... .AC ..C ... ... 
Ascaris-suum                    ... ... ..G ..G .TG ... ..T ..T ..A ... .GA ..A ... .GT .GC CGA ..C ... ..C ... ... ..C G.. ..C ... ..C GA. G.G T.T ..T G.T ..A ..A ..A ..C ... ..G G.. ..G ... ..T ... CAC .A. ... .AT ... ... G.. ..G ..A ..T ..T ... ... G.T .CA ... ... ..A ..C ... ... ... G.. G.. A.. ... ... ... ..G G.. G.G ..A ..T A.A ..A ... ... ..C ... .G. .A. ... ... ... ... ..G ... ... ..C ..T ..G ..A ... ..G ... A.G AA. ... ..A ..A ..A ... ... G.. ..T T.G ..A ..T T.A A.C A.. ..C ..C ... TGG T.G C.. ... ... ... ..G ... C.. ... ..T ..A ..A ... ... ... A.T ... ..C ... ... .C. A.. A.. ... ..G ..G ..T ..T T.T ..A ... ..A ..A .TA ..C ..A ..A ..A ..C ..A ... ... .C. ... ..C ..T ..T ..T ..T ..A ... ..T ..A ..T .A. ..A ..A ... ... ..G ..G A.. ..A .C. .CG ..T ..T ..T .C. ... ... ..T ..T ACC A.. ... ..T ..T .T. ... A.T C.. ... ..G ..T ..T ..A ... ..T A.A ..A ..A ..A ..T ..T ..T ... ... A.. C.. ... ... ..G ... ... A.. ... ..A ..A ..C ... ... .A. ..C ... ... 
ATRW2                           ... C.. ... ... .TG ..T ... ..T ..A ... ..A ..A .G. .GT .GT ..A ... ... ... ... .G. ..G G.. ..T ..G ..T GA. G.. T.G ... G.T ..A .TA T.A ..A ... ..G G.. ..G ... ..T C.. CAT .A. ... .CT ... ..T ... ..G ..A ..T ... ... ..T G.. .CA ... ..T ..A ... ..C .C. ... ... G.. A.. ... ..G G.G ... ... A.G ..A ..T A.A ..A ... ... ... ... ... .A. ... ..G ..T ... .AG ..A ... ..T ..A ..A ..A ... ..A ... AAG AA. GA. ..A ... ... ... ... ... ..T T.G ..A ..C T.. A.C A.C ... ... ... .GA T.A C.. ... ..G .C. ... ... C.. ..T ..T ..A ... ... ..A ... ..T ... ... ..C ... .CA ... A.. ... ... ..G ... ... T.T ..A ..T ATT ..A A.A ... ... ..A ..A ..C ..A ..A ... .CT ... ..T ... ..T ... ..T ..A ..A ..T ..T ..T .A. ..C ..A ..C ... ..G ..G A.. .CA AC. CAA A.T ... ..T .C. ..A ... ... ..T .CG A.A ... ..T ..T ..T ... A.T C.. ... ... ..T ..C ..A ... ..T ..A ..A ... .TA ..T ... ..T ... ... A.. C.. ... ..G ..G ... ..T A.. C.C ..A ... C.C C.. ... .A. ..C C.G ... 

    9    1    1    1    1    1    1    3    4    1    1    1    1    1    1
    1    1    1    2    4    1    1    1    1    1    1    1    1    1    1
    1    1    1    1    1    1    1    1    1    1    3    1    1    1    1
    1    2    1    1    1    1    1    1    2    1    1    1    3    1    1
    1    1    1    2    1    1    1    1    1    1    1    1    1    1    1
    1    1    2    1    1    3    1    1    5    2    1    1    1    2    2
    1    1    1    1    2    1    1    1    1    1    1    1    1    1    1
    1    1    1    1    1    1    1    1    1    1    5    1    1    1    5
    2    1    1    1    1    1    2    2    3    1    1    2    1    1    1
    1    5    1    1    1    3    2    1    1    1    1    1    1    1    1
    1    1    1    1    3    1    1    2    1    1    4    1    1    1    1
    2    1    1    1    1    2    1    2    1    1    6    1    1    1    1
    1    1    1    1    1    1    1    1    1    1    1    1    3    1    1
    1    8    1    1    1    1    1    1    1    1    1    1    1    1    1
    1    1    1    2    1    1    1    1    1    1    2    1    1    1    3
    2    1    1    3    1    1    1    3

CODONML (in paml version 4.9f, October 2017)  /mnt/ilustre/users/long.huang/newmdt/Huyibo/2018-6-5/paml/tree_1/ORTHOMCL9999/ORTHOMCL9999.prank.best.fas
Model: several dN/dS ratios for branches for branches,  omega = 1.000 fixed

Codon frequency model: F3x4
Site-class models:  PositiveSelection
ns =   5  ls = 321

Codon usage in sequences
----------------------------------------------------------------------------------------------------------------------
Phe TTT   6   5   5   4   4 | Ser TCT   1   4   3   5   3 | Tyr TAT   8  10   9  11  12 | Cys TGT   1   3   3   4   3
    TTC   3   5   5   6   3 |     TCC   3   2   3   1   2 |     TAC   3   1   2   0   0 |     TGC   3   1   1   0   1
Leu TTA   5   9   9   8   6 |     TCA   6   5   5   5   6 | *** TAA   0   0   0   0   0 | *** TGA   0   0   0   0   0
    TTG  12   6   6   8   9 |     TCG   3   1   1   1   2 |     TAG   0   0   0   0   0 | Trp TGG   2   3   3   3   2
----------------------------------------------------------------------------------------------------------------------
Leu CTT  11   9   8   7   8 | Pro CCT   2   2   2   1   2 | His CAT   6   9   8   5   8 | Arg CGT   7   2   2   3   3
    CTC   1   1   2   2   3 |     CCC   0   0   0   1   0 |     CAC   2   0   1   2   0 |     CGC   1   0   0   0   0
    CTA   4   4   4   3   4 |     CCA  11  12  12  11  12 | Gln CAA   7   9   9   8  10 |     CGA   2   6   6   6   5
    CTG   2   0   0   0   2 |     CCG   6   5   5   6   4 |     CAG   4   2   2   3   4 |     CGG   1   1   1   2   2
----------------------------------------------------------------------------------------------------------------------
Ile ATT   8   9   9   8  10 | Thr ACT   2   1   1   2   5 | Asn AAT  11  16  14  14  14 | Ser AGT   2   5   5   5   7
    ATC   7   5   5   6   7 |     ACC   2   3   3   4   2 |     AAC   5   2   3   5   1 |     AGC   4   1   1   2   1
    ATA   6  10   9   6   8 |     ACA   6   7   7   8   5 | Lys AAA  13  20  20  17  20 | Arg AGA   1   2   2   1   0
Met ATG   5   6   7   7   6 |     ACG   5   5   4   2   3 |     AAG  11   4   4   4   4 |     AGG   2   0   0   3   2
----------------------------------------------------------------------------------------------------------------------
Val GTT   5   9   9  11   6 | Ala GCT   9   9  10   8   5 | Asp GAT   9  12  13  11  14 | Gly GGT  11  14  13  15  14
    GTC   7   1   1   0   2 |     GCC   2   3   3   4   1 |     GAC   3   2   2   2   1 |     GGC   3   4   4   1   4
    GTA   2   3   3   4   1 |     GCA  11  12  14  13  21 | Glu GAA  12  15  14  16  11 |     GGA   8   9   8   9   8
    GTG   5   3   3   4   4 |     GCG   5   7   6   6   5 |     GAG  10   5   6   6   9 |     GGG   6   0   1   1   0
----------------------------------------------------------------------------------------------------------------------

Codon position x base (3x4) table for each sequence.

#1: Toxocara-canis 
position  1:    T:0.17445    C:0.20872    A:0.28037    G:0.33645
position  2:    T:0.27726    C:0.23053    A:0.32399    G:0.16822
position  3:    T:0.30841    C:0.15265    A:0.29283    G:0.24611
Average         T:0.25337    C:0.19730    A:0.29907    G:0.25026

#2: GPRW9          
position  1:    T:0.17134    C:0.19315    A:0.29907    G:0.33645
position  2:    T:0.26480    C:0.24299    A:0.33333    G:0.15888
position  3:    T:0.37072    C:0.09657    A:0.38318    G:0.14953
Average         T:0.26895    C:0.17757    A:0.33853    G:0.21495

#3: RPRW2          
position  1:    T:0.17134    C:0.19315    A:0.29283    G:0.34268
position  2:    T:0.26480    C:0.24611    A:0.33333    G:0.15576
position  3:    T:0.35514    C:0.11215    A:0.38006    G:0.15265
Average         T:0.26376    C:0.18380    A:0.33541    G:0.21703

#4: Ascaris-suum   
position  1:    T:0.17445    C:0.18692    A:0.29283    G:0.34579
position  2:    T:0.26168    C:0.24299    A:0.32399    G:0.17134
position  3:    T:0.35514    C:0.11215    A:0.35826    G:0.17445
Average         T:0.26376    C:0.18069    A:0.32503    G:0.23053

#5: ATRW2          
position  1:    T:0.16511    C:0.20872    A:0.29595    G:0.33022
position  2:    T:0.25857    C:0.24299    A:0.33645    G:0.16199
position  3:    T:0.36760    C:0.08723    A:0.36449    G:0.18069
Average         T:0.26376    C:0.17965    A:0.33229    G:0.22430

Sums of codon usage counts
------------------------------------------------------------------------------
Phe F TTT      24 | Ser S TCT      16 | Tyr Y TAT      50 | Cys C TGT      14
      TTC      22 |       TCC      11 |       TAC       6 |       TGC       6
Leu L TTA      37 |       TCA      27 | *** * TAA       0 | *** * TGA       0
      TTG      41 |       TCG       8 |       TAG       0 | Trp W TGG      13
------------------------------------------------------------------------------
Leu L CTT      43 | Pro P CCT       9 | His H CAT      36 | Arg R CGT      17
      CTC       9 |       CCC       1 |       CAC       5 |       CGC       1
      CTA      19 |       CCA      58 | Gln Q CAA      43 |       CGA      25
      CTG       4 |       CCG      26 |       CAG      15 |       CGG       7
------------------------------------------------------------------------------
Ile I ATT      44 | Thr T ACT      11 | Asn N AAT      69 | Ser S AGT      24
      ATC      30 |       ACC      14 |       AAC      16 |       AGC       9
      ATA      39 |       ACA      33 | Lys K AAA      90 | Arg R AGA       6
Met M ATG      31 |       ACG      19 |       AAG      27 |       AGG       7
------------------------------------------------------------------------------
Val V GTT      40 | Ala A GCT      41 | Asp D GAT      59 | Gly G GGT      67
      GTC      11 |       GCC      13 |       GAC      10 |       GGC      16
      GTA      13 |       GCA      71 | Glu E GAA      68 |       GGA      42
      GTG      19 |       GCG      29 |       GAG      36 |       GGG       8
------------------------------------------------------------------------------


Codon position x base (3x4) table, overall

position  1:    T:0.17134    C:0.19813    A:0.29221    G:0.33832
position  2:    T:0.26542    C:0.24112    A:0.33022    G:0.16324
position  3:    T:0.35140    C:0.11215    A:0.35576    G:0.18069
Average         T:0.26272    C:0.18380    A:0.32606    G:0.22741

Codon frequencies under model, for use in evolver (TTT TTC TTA TTG ... GGG):
  0.01665183  0.00531441  0.01685850  0.00856211
  0.01512736  0.00482788  0.01531512  0.00777825
  0.02071706  0.00661183  0.00000000  0.00000000
  0.01024126  0.00326849  0.00000000  0.00526590
  0.01925557  0.00614539  0.01949456  0.00990091
  0.01749273  0.00558279  0.01770984  0.00899449
  0.02395646  0.00764568  0.02425379  0.01231804
  0.01184263  0.00377956  0.01198961  0.00608929
  0.02839893  0.00906349  0.02875140  0.01460229
  0.02579903  0.00823373  0.02611923  0.01326546
  0.03533201  0.01127617  0.03577053  0.01816717
  0.01746601  0.00557426  0.01768279  0.00898075
  0.03287979  0.01049355  0.03328787  0.01690628
  0.02986967  0.00953287  0.03024039  0.01535852
  0.04090678  0.01305536  0.04141449  0.02103363
  0.02022184  0.00645378  0.02047282  0.01039776


TREE #  1:  (((3, 2), 4), 5, 1);   MP score: 317
lnL(ntime:  7  np: 11):  -2575.495228      +0.000000
   6..7     7..8     8..3     8..2     7..4     6..5     6..1  
 0.155609 0.133939 0.031564 0.011910 0.153808 0.342303 1.077054 4.022993 0.891296 0.055085 0.054079

Note: Branch length is defined as number of nucleotide substitutions per codon (not per neucleotide site).

tree length =  1.906187

(((3: 0.031564, 2: 0.011910): 0.133939, 4: 0.153808): 0.155609, 5: 0.342303, 1: 1.077054);

(((RPRW2: 0.031564, GPRW9: 0.011910): 0.133939, Ascaris-suum: 0.153808): 0.155609, ATRW2: 0.342303, Toxocara-canis: 1.077054);

Detailed output identifying parameters

kappa (ts/tv) =  4.02299


MLEs of dN/dS (w) for site classes (K=4)

site class             0        1       2a       2b
proportion       0.89130  0.05509  0.05050  0.00312
background w     0.05408  1.00000  0.05408  1.00000
foreground w     0.05408  1.00000  1.00000  1.00000


Time used:  0:30
